[0.108s] Invoking command in '/workspaces/NamedPipTest/build/SharedMemory0': CMAKE_PREFIX_PATH=${CMAKE_PREFIX_PATH}:/opt/ros/humble /usr/bin/cmake --build /workspaces/NamedPipTest/build/SharedMemory0 -- -j20 -l20
[0.407s] [?1h=MSBuild version 17.8.5+b5265ef37 for .NET
[1.284s] Attempting to cancel the build...
[1.469s] gmake[2]: *** [CMakeFiles/run.dir/build.make:70: run] Interrupt
[1.474s] gmake[1]: *** [CMakeFiles/Makefile2:137: CMakeFiles/run.dir/all] Interrupt
[1.476s] gmake: *** [Makefile:146: all] Interrupt
[1.478s] Invoked command in '/workspaces/NamedPipTest/build/SharedMemory0' returned '-2': CMAKE_PREFIX_PATH=${CMAKE_PREFIX_PATH}:/opt/ros/humble /usr/bin/cmake --build /workspaces/NamedPipTest/build/SharedMemory0 -- -j20 -l20
